<?xml version="1.0" encoding="UTF-8"?>
<testng-results skipped="0" failed="0" total="0" passed="0">
  <reporter-output>
  </reporter-output>
  <suite name="com.selenium.testng.AppTest" duration-ms="3" started-at="2015-12-08T06:50:18Z" finished-at="2015-12-08T06:50:18Z">
    <groups>
    </groups>
    <test name="Command line test" duration-ms="3" started-at="2015-12-08T06:50:18Z" finished-at="2015-12-08T06:50:18Z">
    </test> <!-- Command line test -->
  </suite> <!-- com.selenium.testng.AppTest -->
</testng-results>
